<?xml version="1.0" encoding="UTF-8"?>
<!-- Generated by org.testng.reporters.JUnitXMLReporter -->
<testsuite hostname="chetan-PC" ignored="0" name="BankingApp Test" tests="2" failures="1" timestamp="03 Apr 2021 12:05:35 GMT" time="80.537" errors="0">
  <testcase name="loginTest" time="5.717" classname="com.inetbanking.TestCases.TC_LoginTest_001"/>
  <testcase name="addNewCustomer" time="22.426" classname="com.inetbanking.TestCases.TC_AddCustomerTest_003">
    <failure type="java.lang.AssertionError" message="expected [true] but found [false]">
      <![CDATA[java.lang.AssertionError: expected [true] but found [false]
at com.inetbanking.TestCases.TC_AddCustomerTest_003.addNewCustomer(TC_AddCustomerTest_003.java:65)
... Removed 32 stack frames]]>
    </failure>
  </testcase> <!-- addNewCustomer -->
</testsuite> <!-- BankingApp Test -->
